
bb_init()
    conn:
    proto_major = 7
    proto_minor = 23
    async_read = 1
    max_write = 131072
    max_readahead = 131072
    capable = 00000ffb
    want = 00000010
    max_background = 0
    congestion_threshold = 0
    context:
    fuse = 01cdf570
    uid = 0
    gid = 0
    pid = 0
    private_data = 01cde010
    logfile = 01cdf040
    rootdir = /media/sf_huji/courses/os/hw/ex4/resources/fuse-tutorial-2016-03-25/example/rootdir
    umask = 00000

bb_access(path="/", mask=04)
    bb_fullpath:  rootdir = "/media/sf_huji/courses/os/hw/ex4/resources/fuse-tutorial-2016-03-25/example/rootdir", path = "/", fpath = "/media/sf_huji/courses/os/hw/ex4/resources/fuse-tutorial-2016-03-25/example/rootdir/"

bb_getattr(path="/", statbuf=0x2518ac60)

bb_opendir(path="/", fi=0x17ffec80)
    bb_fullpath:  rootdir = "/media/sf_huji/courses/os/hw/ex4/resources/fuse-tutorial-2016-03-25/example/rootdir", path = "/", fpath = "/media/sf_huji/courses/os/hw/ex4/resources/fuse-tutorial-2016-03-25/example/rootdir/"

bb_getattr(path="/.xdg-volume-info", statbuf=0x24989c90)
    bb_fullpath:  rootdir = "/media/sf_huji/courses/os/hw/ex4/resources/fuse-tutorial-2016-03-25/example/rootdir", path = "/.xdg-volume-info", fpath = "/media/sf_huji/courses/os/hw/ex4/resources/fuse-tutorial-2016-03-25/example/rootdir/.xdg-volume-info"
    bb_fullpath:  rootdir = "/media/sf_huji/courses/os/hw/ex4/resources/fuse-tutorial-2016-03-25/example/rootdir", path = "/", fpath = "/media/sf_huji/courses/os/hw/ex4/resources/fuse-tutorial-2016-03-25/example/rootdir/"
    lstat returned 0
    si:
    st_dev = 39
    st_ino = 690
    st_mode = 040770
    st_nlink = 1
    st_uid = 0
    st_gid = 999
    lstat returned -1
    ERROR lstat: No such file or directory
    si:
    st_dev = 0
    st_ino = 0
    st_mode = 00
    st_nlink = 0
    st_uid = 0
    st_gid = 0
    st_rdev = 0
    st_size = 0
    st_blksize = 0
    st_blocks = 0
    st_atime = 0x00000000
    st_mtime = 0x00000000
    st_ctime = 0x00000000
    st_rdev = 0
    st_size = 0
    st_blksize = 4096
    st_blocks = 0
    st_atime = 0x573796d8
    st_mtime = 0x573796d8
    st_ctime = 0x573796d8
    opendir returned 0x0x7f4b10000c80
    fi:
    flags = 0x00018800
    fh_old = 0x00000000
    writepage = 0
    direct_io = 0
    keep_cache = 0
    fh = 0x00007f4b10000c80
    lock_owner = 0x0000000000000000

bb_getattr(path="/autorun.inf", statbuf=0x177fdc90)
    bb_fullpath:  rootdir = "/media/sf_huji/courses/os/hw/ex4/resources/fuse-tutorial-2016-03-25/example/rootdir", path = "/autorun.inf", fpath = "/media/sf_huji/courses/os/hw/ex4/resources/fuse-tutorial-2016-03-25/example/rootdir/autorun.inf"
    lstat returned -1
    ERROR lstat: No such file or directory
    si:
    st_dev = 0
    st_ino = 0
    st_mode = 00
    st_nlink = 0
    st_uid = 0
    st_gid = 0
    st_rdev = 0
    st_size = 0
    st_blksize = 0
    st_blocks = 0
    st_atime = 0x00000000
    st_mtime = 0x00000000
    st_ctime = 0x00000000

bb_getattr(path="/.Trash", statbuf=0x2598bc90)
    bb_fullpath:  rootdir = "/media/sf_huji/courses/os/hw/ex4/resources/fuse-tutorial-2016-03-25/example/rootdir", path = "/.Trash", fpath = "/media/sf_huji/courses/os/hw/ex4/resources/fuse-tutorial-2016-03-25/example/rootdir/.Trash"
    lstat returned -1
    ERROR lstat: No such file or directory
    si:
    st_dev = 0
    st_ino = 0
    st_mode = 00
    st_nlink = 0
    st_uid = 0
    st_gid = 0
    st_rdev = 0
    st_size = 0
    st_blksize = 0
    st_blocks = 0
    st_atime = 0x00000000
    st_mtime = 0x00000000
    st_ctime = 0x00000000

bb_getattr(path="/AACS", statbuf=0x24989c90)
    bb_fullpath:  rootdir = "/media/sf_huji/courses/os/hw/ex4/resources/fuse-tutorial-2016-03-25/example/rootdir", path = "/AACS", fpath = "/media/sf_huji/courses/os/hw/ex4/resources/fuse-tutorial-2016-03-25/example/rootdir/AACS"
    lstat returned -1
    ERROR lstat: No such file or directory
    si:
    st_dev = 0
    st_ino = 0
    st_mode = 00
    st_nlink = 0
    st_uid = 0
    st_gid = 0
    st_rdev = 0
    st_size = 0
    st_blksize = 0
    st_blocks = 0
    st_atime = 0x00000000
    st_mtime = 0x00000000
    st_ctime = 0x00000000

bb_readdir(path="/", buf=0x10000af0, filler=0x26162410, offset=0, fi=0x2518ac80)
    readdir returned 0x0x7f4b10000cb0
calling filler with name .
calling filler with name ..
calling filler with name bogus.txt
calling filler with name tester.txt
    fi:
    flags = 0x00000000
    fh_old = 0x7f4b10000c80
    writepage = 0
    direct_io = 0
    keep_cache = 0
    fh = 0x00007f4b10000c80
    lock_owner = 0x0000000000000000

bb_getattr(path="/.Trash-1000", statbuf=0x177fdc90)
    bb_fullpath:  rootdir = "/media/sf_huji/courses/os/hw/ex4/resources/fuse-tutorial-2016-03-25/example/rootdir", path = "/.Trash-1000", fpath = "/media/sf_huji/courses/os/hw/ex4/resources/fuse-tutorial-2016-03-25/example/rootdir/.Trash-1000"
    lstat returned -1
    ERROR lstat: No such file or directory
    si:
    st_dev = 0
    st_ino = 0
    st_mode = 00
    st_nlink = 0
    st_uid = 0
    st_gid = 0
    st_rdev = 0
    st_size = 0
    st_blksize = 0
    st_blocks = 0
    st_atime = 0x00000000
    st_mtime = 0x00000000
    st_ctime = 0x00000000

bb_getattr(path="/BDSVM", statbuf=0x2598bc90)
    bb_fullpath:  rootdir = "/media/sf_huji/courses/os/hw/ex4/resources/fuse-tutorial-2016-03-25/example/rootdir", path = "/BDSVM", fpath = "/media/sf_huji/courses/os/hw/ex4/resources/fuse-tutorial-2016-03-25/example/rootdir/BDSVM"
    lstat returned -1
    ERROR lstat: No such file or directory
    si:
    st_dev = 0
    st_ino = 0
    st_mode = 00
    st_nlink = 0
    st_uid = 0
    st_gid = 0
    st_rdev = 0
    st_size = 0
    st_blksize = 0
    st_blocks = 0
    st_atime = 0x00000000
    st_mtime = 0x00000000
    st_ctime = 0x00000000

bb_getattr(path="/bogus.txt", statbuf=0x2598bc90)
    bb_fullpath:  rootdir = "/media/sf_huji/courses/os/hw/ex4/resources/fuse-tutorial-2016-03-25/example/rootdir", path = "/bogus.txt", fpath = "/media/sf_huji/courses/os/hw/ex4/resources/fuse-tutorial-2016-03-25/example/rootdir/bogus.txt"
    lstat returned 0
    si:
    st_dev = 39
    st_ino = 691
    st_mode = 0100770
    st_nlink = 1
    st_uid = 0
    st_gid = 999
    st_rdev = 0
    st_size = 11
    st_blksize = 4096
    st_blocks = 1
    st_atime = 0x57379605
    st_mtime = 0x57379605
    st_ctime = 0x57379605

bb_getattr(path="/BDMV", statbuf=0x24989c90)
    bb_fullpath:  rootdir = "/media/sf_huji/courses/os/hw/ex4/resources/fuse-tutorial-2016-03-25/example/rootdir", path = "/BDMV", fpath = "/media/sf_huji/courses/os/hw/ex4/resources/fuse-tutorial-2016-03-25/example/rootdir/BDMV"
    lstat returned -1
    ERROR lstat: No such file or directory
    si:
    st_dev = 0
    st_ino = 0
    st_mode = 00
    st_nlink = 0
    st_uid = 0
    st_gid = 0
    st_rdev = 0
    st_size = 0
    st_blksize = 0
    st_blocks = 0
    st_atime = 0x00000000
    st_mtime = 0x00000000
    st_ctime = 0x00000000

bb_getattr(path="/tester.txt", statbuf=0x24989c90)
    bb_fullpath:  rootdir = "/media/sf_huji/courses/os/hw/ex4/resources/fuse-tutorial-2016-03-25/example/rootdir", path = "/tester.txt", fpath = "/media/sf_huji/courses/os/hw/ex4/resources/fuse-tutorial-2016-03-25/example/rootdir/tester.txt"
    lstat returned 0
    si:
    st_dev = 39
    st_ino = 698
    st_mode = 0100770
    st_nlink = 1
    st_uid = 0
    st_gid = 999
    st_rdev = 0
    st_size = 3
    st_blksize = 4096
    st_blocks = 1
    st_atime = 0x573796d5
    st_mtime = 0x573796ea
    st_ctime = 0x573796ea

bb_getattr(path="/BDMV", statbuf=0x2518ac90)
    bb_fullpath:  rootdir = "/media/sf_huji/courses/os/hw/ex4/resources/fuse-tutorial-2016-03-25/example/rootdir", path = "/BDMV", fpath = "/media/sf_huji/courses/os/hw/ex4/resources/fuse-tutorial-2016-03-25/example/rootdir/BDMV"
    lstat returned -1
    ERROR lstat: No such file or directory
    si:
    st_dev = 0
    st_ino = 0
    st_mode = 00
    st_nlink = 0
    st_uid = 0
    st_gid = 0
    st_rdev = 0
    st_size = 0
    st_blksize = 0
    st_blocks = 0
    st_atime = 0x00000000
    st_mtime = 0x00000000
    st_ctime = 0x00000000

bb_releasedir(path="/", fi=0x177fdc90)
    fi:
    flags = 0x00000000
    fh_old = 0x7f4b10000c80

bb_getattr(path="/BDMV", statbuf=0x2598bc90)
    bb_fullpath:  rootdir = "/media/sf_huji/courses/os/hw/ex4/resources/fuse-tutorial-2016-03-25/example/rootdir", path = "/BDMV", fpath = "/media/sf_huji/courses/os/hw/ex4/resources/fuse-tutorial-2016-03-25/example/rootdir/BDMV"
    writepage = 0
    direct_io = 0
    keep_cache = 0
    fh = 0x00007f4b10000c80
    lock_owner = 0x0000000000000000

bb_opendir(path="/", fi=0x24989c80)
    bb_fullpath:  rootdir = "/media/sf_huji/courses/os/hw/ex4/resources/fuse-tutorial-2016-03-25/example/rootdir", path = "/", fpath = "/media/sf_huji/courses/os/hw/ex4/resources/fuse-tutorial-2016-03-25/example/rootdir/"
    lstat returned -1
    ERROR lstat: No such file or directory
    si:
    st_dev = 0
    st_ino = 0
    st_mode = 00
    st_nlink = 0
    st_uid = 0
    st_gid = 0
    st_rdev = 0
    st_size = 0
    st_blksize = 0
    st_blocks = 0
    st_atime = 0x00000000
    st_mtime = 0x00000000
    st_ctime = 0x00000000
    opendir returned 0x0x7f4b1c000c80
    fi:
    flags = 0x00018800
    fh_old = 0x00000000
    writepage = 0
    direct_io = 0
    keep_cache = 0
    fh = 0x00007f4b1c000c80
    lock_owner = 0x0000000000000000

bb_readdir(path="/", buf=0x1c000af0, filler=0x26162410, offset=0, fi=0x2518ac80)
    readdir returned 0x0x7f4b1c000cb0
calling filler with name .
calling filler with name ..
calling filler with name bogus.txt
calling filler with name tester.txt
    fi:
    flags = 0x00000000
    fh_old = 0x7f4b1c000c80
    writepage = 0
    direct_io = 0
    keep_cache = 0
    fh = 0x00007f4b1c000c80
    lock_owner = 0x0000000000000000

bb_releasedir(path="/", fi=0x2598bc90)
    fi:
    flags = 0x00000000
    fh_old = 0x7f4b1c000c80
    writepage = 0
    direct_io = 0
    keep_cache = 0
    fh = 0x00007f4b1c000c80
    lock_owner = 0x0000000000000000

bb_opendir(path="/", fi=0x24989c80)
    bb_fullpath:  rootdir = "/media/sf_huji/courses/os/hw/ex4/resources/fuse-tutorial-2016-03-25/example/rootdir", path = "/", fpath = "/media/sf_huji/courses/os/hw/ex4/resources/fuse-tutorial-2016-03-25/example/rootdir/"
    opendir returned 0x0x7f4b1c000bf0
    fi:
    flags = 0x00018800
    fh_old = 0x00000000
    writepage = 0
    direct_io = 0
    keep_cache = 0
    fh = 0x00007f4b1c000bf0
    lock_owner = 0x0000000000000000

bb_readdir(path="/", buf=0x1c000b70, filler=0x26162410, offset=0, fi=0x2518ac80)
    readdir returned 0x0x7f4b1c000c20
calling filler with name .
calling filler with name ..
calling filler with name bogus.txt
calling filler with name tester.txt
    fi:
    flags = 0x00000000
    fh_old = 0x7f4b1c000bf0
    writepage = 0
    direct_io = 0
    keep_cache = 0
    fh = 0x00007f4b1c000bf0
    lock_owner = 0x0000000000000000

bb_releasedir(path="/", fi=0x2598bc90)
    fi:
    flags = 0x00000000
    fh_old = 0x7f4b1c000bf0
    writepage = 0
    direct_io = 0
    keep_cache = 0
    fh = 0x00007f4b1c000bf0
    lock_owner = 0x0000000000000000

bb_opendir(path="/", fi=0x24989c80)
    bb_fullpath:  rootdir = "/media/sf_huji/courses/os/hw/ex4/resources/fuse-tutorial-2016-03-25/example/rootdir", path = "/", fpath = "/media/sf_huji/courses/os/hw/ex4/resources/fuse-tutorial-2016-03-25/example/rootdir/"
    opendir returned 0x0x7f4b1c000d00
    fi:
    flags = 0x00018800
    fh_old = 0x00000000
    writepage = 0
    direct_io = 0
    keep_cache = 0
    fh = 0x00007f4b1c000d00
    lock_owner = 0x0000000000000000

bb_readdir(path="/", buf=0x1c000b70, filler=0x26162410, offset=0, fi=0x2518ac80)
    readdir returned 0x0x7f4b1c000d30
calling filler with name .
calling filler with name ..
calling filler with name bogus.txt
calling filler with name tester.txt
    fi:
    flags = 0x00000000
    fh_old = 0x7f4b1c000d00
    writepage = 0
    direct_io = 0
    keep_cache = 0
    fh = 0x00007f4b1c000d00
    lock_owner = 0x0000000000000000

bb_releasedir(path="/", fi=0x2598bc90)
    fi:
    flags = 0x00000000
    fh_old = 0x7f4b1c000d00
    writepage = 0
    direct_io = 0
    keep_cache = 0
    fh = 0x00007f4b1c000d00
    lock_owner = 0x0000000000000000

bb_opendir(path="/", fi=0x24989c80)
    bb_fullpath:  rootdir = "/media/sf_huji/courses/os/hw/ex4/resources/fuse-tutorial-2016-03-25/example/rootdir", path = "/", fpath = "/media/sf_huji/courses/os/hw/ex4/resources/fuse-tutorial-2016-03-25/example/rootdir/"
    opendir returned 0x0x7f4b1c000d00
    fi:
    flags = 0x00018800
    fh_old = 0x00000000
    writepage = 0
    direct_io = 0
    keep_cache = 0
    fh = 0x00007f4b1c000d00
    lock_owner = 0x0000000000000000

bb_readdir(path="/", buf=0x1c000b70, filler=0x26162410, offset=0, fi=0x2518ac80)
    readdir returned 0x0x7f4b1c000d30
calling filler with name .
calling filler with name ..
calling filler with name bogus.txt
calling filler with name tester.txt
    fi:
    flags = 0x00000000
    fh_old = 0x7f4b1c000d00
    writepage = 0
    direct_io = 0
    keep_cache = 0
    fh = 0x00007f4b1c000d00
    lock_owner = 0x0000000000000000

bb_releasedir(path="/", fi=0x2598bc90)
    fi:
    flags = 0x00000000
    fh_old = 0x7f4b1c000d00
    writepage = 0
    direct_io = 0
    keep_cache = 0
    fh = 0x00007f4b1c000d00
    lock_owner = 0x0000000000000000

bb_opendir(path="/", fi=0x24989c80)
    bb_fullpath:  rootdir = "/media/sf_huji/courses/os/hw/ex4/resources/fuse-tutorial-2016-03-25/example/rootdir", path = "/", fpath = "/media/sf_huji/courses/os/hw/ex4/resources/fuse-tutorial-2016-03-25/example/rootdir/"
    opendir returned 0x0x7f4b1c000d00
    fi:
    flags = 0x00018800
    fh_old = 0x00000000
    writepage = 0
    direct_io = 0
    keep_cache = 0
    fh = 0x00007f4b1c000d00
    lock_owner = 0x0000000000000000

bb_readdir(path="/", buf=0x1c000af0, filler=0x26162410, offset=0, fi=0x2518ac80)
    readdir returned 0x0x7f4b1c000d30
calling filler with name .
calling filler with name ..
calling filler with name bogus.txt
calling filler with name tester.txt
    fi:
    flags = 0x00000000
    fh_old = 0x7f4b1c000d00
    writepage = 0
    direct_io = 0
    keep_cache = 0
    fh = 0x00007f4b1c000d00
    lock_owner = 0x0000000000000000

bb_releasedir(path="/", fi=0x2598bc90)
    fi:
    flags = 0x00000000
    fh_old = 0x7f4b1c000d00
    writepage = 0
    direct_io = 0
    keep_cache = 0
    fh = 0x00007f4b1c000d00
    lock_owner = 0x0000000000000000

bb_opendir(path="/", fi=0x2598bc80)
    bb_fullpath:  rootdir = "/media/sf_huji/courses/os/hw/ex4/resources/fuse-tutorial-2016-03-25/example/rootdir", path = "/", fpath = "/media/sf_huji/courses/os/hw/ex4/resources/fuse-tutorial-2016-03-25/example/rootdir/"
    opendir returned 0x0x7f4b20000c80
    fi:
    flags = 0x00018800
    fh_old = 0x00000000
    writepage = 0
    direct_io = 0
    keep_cache = 0
    fh = 0x00007f4b20000c80
    lock_owner = 0x0000000000000000

bb_readdir(path="/", buf=0x20000af0, filler=0x26162410, offset=0, fi=0x24989c80)
    readdir returned 0x0x7f4b20000cb0
calling filler with name .
calling filler with name ..
calling filler with name bogus.txt
calling filler with name tester.txt
    fi:
    flags = 0x00000000
    fh_old = 0x7f4b20000c80
    writepage = 0
    direct_io = 0
    keep_cache = 0
    fh = 0x00007f4b20000c80
    lock_owner = 0x0000000000000000

bb_releasedir(path="/", fi=0x177fdc90)
    fi:
    flags = 0x00000000
    fh_old = 0x7f4b20000c80
    writepage = 0
    direct_io = 0
    keep_cache = 0
    fh = 0x00007f4b20000c80
    lock_owner = 0x0000000000000000

bb_opendir(path="/", fi=0x2598bc80)
    bb_fullpath:  rootdir = "/media/sf_huji/courses/os/hw/ex4/resources/fuse-tutorial-2016-03-25/example/rootdir", path = "/", fpath = "/media/sf_huji/courses/os/hw/ex4/resources/fuse-tutorial-2016-03-25/example/rootdir/"
    opendir returned 0x0x7f4b20000c80
    fi:
    flags = 0x00018800
    fh_old = 0x00000000
    writepage = 0
    direct_io = 0
    keep_cache = 0
    fh = 0x00007f4b20000c80
    lock_owner = 0x0000000000000000

bb_readdir(path="/", buf=0x20000af0, filler=0x26162410, offset=0, fi=0x24989c80)
    readdir returned 0x0x7f4b20000cb0
calling filler with name .
calling filler with name ..
calling filler with name bogus.txt
calling filler with name tester.txt
    fi:
    flags = 0x00000000
    fh_old = 0x7f4b20000c80
    writepage = 0
    direct_io = 0
    keep_cache = 0
    fh = 0x00007f4b20000c80
    lock_owner = 0x0000000000000000

bb_releasedir(path="/", fi=0x177fdc90)
    fi:
    flags = 0x00000000
    fh_old = 0x7f4b20000c80
    writepage = 0
    direct_io = 0
    keep_cache = 0
    fh = 0x00007f4b20000c80
    lock_owner = 0x0000000000000000

bb_opendir(path="/", fi=0x2598bc80)
    bb_fullpath:  rootdir = "/media/sf_huji/courses/os/hw/ex4/resources/fuse-tutorial-2016-03-25/example/rootdir", path = "/", fpath = "/media/sf_huji/courses/os/hw/ex4/resources/fuse-tutorial-2016-03-25/example/rootdir/"
    opendir returned 0x0x7f4b20000c80
    fi:
    flags = 0x00018800
    fh_old = 0x00000000
    writepage = 0
    direct_io = 0
    keep_cache = 0
    fh = 0x00007f4b20000c80
    lock_owner = 0x0000000000000000

bb_readdir(path="/", buf=0x20000af0, filler=0x26162410, offset=0, fi=0x24989c80)
    readdir returned 0x0x7f4b20000cb0
calling filler with name .
calling filler with name ..
calling filler with name bogus.txt
calling filler with name tester.txt
    fi:
    flags = 0x00000000
    fh_old = 0x7f4b20000c80
    writepage = 0
    direct_io = 0
    keep_cache = 0
    fh = 0x00007f4b20000c80
    lock_owner = 0x0000000000000000

bb_releasedir(path="/", fi=0x177fdc90)
    fi:
    flags = 0x00000000
    fh_old = 0x7f4b20000c80
    writepage = 0
    direct_io = 0
    keep_cache = 0
    fh = 0x00007f4b20000c80
    lock_owner = 0x0000000000000000

bb_opendir(path="/", fi=0x2598bc80)
    bb_fullpath:  rootdir = "/media/sf_huji/courses/os/hw/ex4/resources/fuse-tutorial-2016-03-25/example/rootdir", path = "/", fpath = "/media/sf_huji/courses/os/hw/ex4/resources/fuse-tutorial-2016-03-25/example/rootdir/"
    opendir returned 0x0x7f4b20000bf0
    fi:
    flags = 0x00018800
    fh_old = 0x00000000
    writepage = 0
    direct_io = 0
    keep_cache = 0
    fh = 0x00007f4b20000bf0
    lock_owner = 0x0000000000000000

bb_readdir(path="/", buf=0x20000b70, filler=0x26162410, offset=0, fi=0x24989c80)
    readdir returned 0x0x7f4b20000c20
calling filler with name .
calling filler with name ..
calling filler with name bogus.txt
calling filler with name tester.txt
    fi:
    flags = 0x00000000
    fh_old = 0x7f4b20000bf0
    writepage = 0
    direct_io = 0
    keep_cache = 0
    fh = 0x00007f4b20000bf0
    lock_owner = 0x0000000000000000

bb_releasedir(path="/", fi=0x177fdc90)
    fi:
    flags = 0x00000000
    fh_old = 0x7f4b20000bf0
    writepage = 0
    direct_io = 0
    keep_cache = 0
    fh = 0x00007f4b20000bf0
    lock_owner = 0x0000000000000000

bb_opendir(path="/", fi=0x2598bc80)
    bb_fullpath:  rootdir = "/media/sf_huji/courses/os/hw/ex4/resources/fuse-tutorial-2016-03-25/example/rootdir", path = "/", fpath = "/media/sf_huji/courses/os/hw/ex4/resources/fuse-tutorial-2016-03-25/example/rootdir/"
    opendir returned 0x0x7f4b20000b70
    fi:
    flags = 0x00018800
    fh_old = 0x00000000
    writepage = 0
    direct_io = 0
    keep_cache = 0
    fh = 0x00007f4b20000b70
    lock_owner = 0x0000000000000000

bb_readdir(path="/", buf=0x20000af0, filler=0x26162410, offset=0, fi=0x24989c80)
    readdir returned 0x0x7f4b20000ba0
calling filler with name .
calling filler with name ..
calling filler with name bogus.txt
calling filler with name tester.txt
    fi:
    flags = 0x00000000
    fh_old = 0x7f4b20000b70
    writepage = 0
    direct_io = 0
    keep_cache = 0
    fh = 0x00007f4b20000b70
    lock_owner = 0x0000000000000000

bb_releasedir(path="/", fi=0x177fdc90)
    fi:
    flags = 0x00000000
    fh_old = 0x7f4b20000b70
    writepage = 0
    direct_io = 0
    keep_cache = 0
    fh = 0x00007f4b20000b70
    lock_owner = 0x0000000000000000

bb_opendir(path="/", fi=0x2598bc80)
    bb_fullpath:  rootdir = "/media/sf_huji/courses/os/hw/ex4/resources/fuse-tutorial-2016-03-25/example/rootdir", path = "/", fpath = "/media/sf_huji/courses/os/hw/ex4/resources/fuse-tutorial-2016-03-25/example/rootdir/"
    opendir returned 0x0x7f4b20000af0
    fi:
    flags = 0x00018800
    fh_old = 0x00000000
    writepage = 0
    direct_io = 0
    keep_cache = 0
    fh = 0x00007f4b20000af0
    lock_owner = 0x0000000000000000

bb_readdir(path="/", buf=0x20008bb0, filler=0x26162410, offset=0, fi=0x24989c80)
    readdir returned 0x0x7f4b20000b20
calling filler with name .
calling filler with name ..
calling filler with name bogus.txt
calling filler with name tester.txt
    fi:
    flags = 0x00000000
    fh_old = 0x7f4b20000af0
    writepage = 0
    direct_io = 0
    keep_cache = 0
    fh = 0x00007f4b20000af0
    lock_owner = 0x0000000000000000

bb_releasedir(path="/", fi=0x177fdc90)
    fi:
    flags = 0x00000000
    fh_old = 0x7f4b20000af0
    writepage = 0
    direct_io = 0
    keep_cache = 0
    fh = 0x00007f4b20000af0
    lock_owner = 0x0000000000000000

bb_opendir(path="/", fi=0x2598bc80)
    bb_fullpath:  rootdir = "/media/sf_huji/courses/os/hw/ex4/resources/fuse-tutorial-2016-03-25/example/rootdir", path = "/", fpath = "/media/sf_huji/courses/os/hw/ex4/resources/fuse-tutorial-2016-03-25/example/rootdir/"
    opendir returned 0x0x7f4b20000af0
    fi:
    flags = 0x00018800
    fh_old = 0x00000000
    writepage = 0
    direct_io = 0
    keep_cache = 0
    fh = 0x00007f4b20000af0
    lock_owner = 0x0000000000000000

bb_readdir(path="/", buf=0x20008b30, filler=0x26162410, offset=0, fi=0x24989c80)
    readdir returned 0x0x7f4b20000b20
calling filler with name .
calling filler with name ..
calling filler with name bogus.txt
calling filler with name tester.txt
    fi:
    flags = 0x00000000
    fh_old = 0x7f4b20000af0
    writepage = 0
    direct_io = 0
    keep_cache = 0
    fh = 0x00007f4b20000af0
    lock_owner = 0x0000000000000000

bb_releasedir(path="/", fi=0x177fdc90)
    fi:
    flags = 0x00000000
    fh_old = 0x7f4b20000af0
    writepage = 0
    direct_io = 0
    keep_cache = 0
    fh = 0x00007f4b20000af0
    lock_owner = 0x0000000000000000

bb_opendir(path="/", fi=0x2598bc80)
    bb_fullpath:  rootdir = "/media/sf_huji/courses/os/hw/ex4/resources/fuse-tutorial-2016-03-25/example/rootdir", path = "/", fpath = "/media/sf_huji/courses/os/hw/ex4/resources/fuse-tutorial-2016-03-25/example/rootdir/"
    opendir returned 0x0x7f4b20008bb0
    fi:
    flags = 0x00018800
    fh_old = 0x00000000
    writepage = 0
    direct_io = 0
    keep_cache = 0
    fh = 0x00007f4b20008bb0
    lock_owner = 0x0000000000000000

bb_readdir(path="/", buf=0x20008b30, filler=0x26162410, offset=0, fi=0x24989c80)
    readdir returned 0x0x7f4b20008be0
calling filler with name .
calling filler with name ..
calling filler with name bogus.txt
calling filler with name tester.txt
    fi:
    flags = 0x00000000
    fh_old = 0x7f4b20008bb0
    writepage = 0
    direct_io = 0
    keep_cache = 0
    fh = 0x00007f4b20008bb0
    lock_owner = 0x0000000000000000

bb_releasedir(path="/", fi=0x177fdc90)
    fi:
    flags = 0x00000000
    fh_old = 0x7f4b20008bb0
    writepage = 0
    direct_io = 0
    keep_cache = 0
    fh = 0x00007f4b20008bb0
    lock_owner = 0x0000000000000000

bb_opendir(path="/", fi=0x2598bc80)
    bb_fullpath:  rootdir = "/media/sf_huji/courses/os/hw/ex4/resources/fuse-tutorial-2016-03-25/example/rootdir", path = "/", fpath = "/media/sf_huji/courses/os/hw/ex4/resources/fuse-tutorial-2016-03-25/example/rootdir/"
    opendir returned 0x0x7f4b20008bb0
    fi:
    flags = 0x00018800
    fh_old = 0x00000000
    writepage = 0
    direct_io = 0
    keep_cache = 0
    fh = 0x00007f4b20008bb0
    lock_owner = 0x0000000000000000

bb_readdir(path="/", buf=0x20008b30, filler=0x26162410, offset=0, fi=0x24989c80)
    readdir returned 0x0x7f4b20008be0
calling filler with name .
calling filler with name ..
calling filler with name bogus.txt
calling filler with name tester.txt
    fi:
    flags = 0x00000000
    fh_old = 0x7f4b20008bb0
    writepage = 0
    direct_io = 0
    keep_cache = 0
    fh = 0x00007f4b20008bb0
    lock_owner = 0x0000000000000000

bb_releasedir(path="/", fi=0x177fdc90)
    fi:
    flags = 0x00000000
    fh_old = 0x7f4b20008bb0
    writepage = 0
    direct_io = 0
    keep_cache = 0
    fh = 0x00007f4b20008bb0
    lock_owner = 0x0000000000000000

bb_opendir(path="/", fi=0x177fdc80)
    bb_fullpath:  rootdir = "/media/sf_huji/courses/os/hw/ex4/resources/fuse-tutorial-2016-03-25/example/rootdir", path = "/", fpath = "/media/sf_huji/courses/os/hw/ex4/resources/fuse-tutorial-2016-03-25/example/rootdir/"
    opendir returned 0x0x7f4b08000b20
    fi:
    flags = 0x00018800
    fh_old = 0x00000000
    writepage = 0
    direct_io = 0
    keep_cache = 0
    fh = 0x00007f4b08000b20
    lock_owner = 0x0000000000000000

bb_readdir(path="/", buf=0x08000990, filler=0x26162410, offset=0, fi=0x2598bc80)
    readdir returned 0x0x7f4b08000b50
calling filler with name .
calling filler with name ..
calling filler with name bogus.txt
calling filler with name tester.txt
    fi:
    flags = 0x00000000
    fh_old = 0x7f4b08000b20
    writepage = 0
    direct_io = 0
    keep_cache = 0
    fh = 0x00007f4b08000b20
    lock_owner = 0x0000000000000000

bb_releasedir(path="/", fi=0x17ffec90)
    fi:
    flags = 0x00000000
    fh_old = 0x7f4b08000b20
    writepage = 0
    direct_io = 0
    keep_cache = 0
    fh = 0x00007f4b08000b20
    lock_owner = 0x0000000000000000

bb_opendir(path="/", fi=0x177fdc80)
    bb_fullpath:  rootdir = "/media/sf_huji/courses/os/hw/ex4/resources/fuse-tutorial-2016-03-25/example/rootdir", path = "/", fpath = "/media/sf_huji/courses/os/hw/ex4/resources/fuse-tutorial-2016-03-25/example/rootdir/"
    opendir returned 0x0x7f4b08000b20
    fi:
    flags = 0x00018800
    fh_old = 0x00000000
    writepage = 0
    direct_io = 0
    keep_cache = 0
    fh = 0x00007f4b08000b20
    lock_owner = 0x0000000000000000

bb_readdir(path="/", buf=0x08000990, filler=0x26162410, offset=0, fi=0x2598bc80)
    readdir returned 0x0x7f4b08000b50
calling filler with name .
calling filler with name ..
calling filler with name bogus.txt
calling filler with name tester.txt
    fi:
    flags = 0x00000000
    fh_old = 0x7f4b08000b20
    writepage = 0
    direct_io = 0
    keep_cache = 0
    fh = 0x00007f4b08000b20
    lock_owner = 0x0000000000000000

bb_releasedir(path="/", fi=0x17ffec90)
    fi:
    flags = 0x00000000
    fh_old = 0x7f4b08000b20
    writepage = 0
    direct_io = 0
    keep_cache = 0
    fh = 0x00007f4b08000b20
    lock_owner = 0x0000000000000000

bb_opendir(path="/", fi=0x177fdc80)
    bb_fullpath:  rootdir = "/media/sf_huji/courses/os/hw/ex4/resources/fuse-tutorial-2016-03-25/example/rootdir", path = "/", fpath = "/media/sf_huji/courses/os/hw/ex4/resources/fuse-tutorial-2016-03-25/example/rootdir/"
    opendir returned 0x0x7f4b08000a90
    fi:
    flags = 0x00018800
    fh_old = 0x00000000
    writepage = 0
    direct_io = 0
    keep_cache = 0
    fh = 0x00007f4b08000a90
    lock_owner = 0x0000000000000000

bb_readdir(path="/", buf=0x08000a10, filler=0x26162410, offset=0, fi=0x2598bc80)
    readdir returned 0x0x7f4b08000ac0
calling filler with name .
calling filler with name ..
calling filler with name bogus.txt
calling filler with name tester.txt
    fi:
    flags = 0x00000000
    fh_old = 0x7f4b08000a90
    writepage = 0
    direct_io = 0
    keep_cache = 0
    fh = 0x00007f4b08000a90
    lock_owner = 0x0000000000000000

bb_releasedir(path="/", fi=0x17ffec90)
    fi:
    flags = 0x00000000
    fh_old = 0x7f4b08000a90
    writepage = 0
    direct_io = 0
    keep_cache = 0
    fh = 0x00007f4b08000a90
    lock_owner = 0x0000000000000000

bb_opendir(path="/", fi=0x177fdc80)
    bb_fullpath:  rootdir = "/media/sf_huji/courses/os/hw/ex4/resources/fuse-tutorial-2016-03-25/example/rootdir", path = "/", fpath = "/media/sf_huji/courses/os/hw/ex4/resources/fuse-tutorial-2016-03-25/example/rootdir/"
    opendir returned 0x0x7f4b08000ba0
    fi:
    flags = 0x00018800
    fh_old = 0x00000000
    writepage = 0
    direct_io = 0
    keep_cache = 0
    fh = 0x00007f4b08000ba0
    lock_owner = 0x0000000000000000

bb_readdir(path="/", buf=0x08000a10, filler=0x26162410, offset=0, fi=0x2598bc80)
    readdir returned 0x0x7f4b08000bd0
calling filler with name .
calling filler with name ..
calling filler with name bogus.txt
calling filler with name tester.txt
    fi:
    flags = 0x00000000
    fh_old = 0x7f4b08000ba0
    writepage = 0
    direct_io = 0
    keep_cache = 0
    fh = 0x00007f4b08000ba0
    lock_owner = 0x0000000000000000

bb_releasedir(path="/", fi=0x17ffec90)
    fi:
    flags = 0x00000000
    fh_old = 0x7f4b08000ba0
    writepage = 0
    direct_io = 0
    keep_cache = 0
    fh = 0x00007f4b08000ba0
    lock_owner = 0x0000000000000000

bb_opendir(path="/", fi=0x177fdc80)
    bb_fullpath:  rootdir = "/media/sf_huji/courses/os/hw/ex4/resources/fuse-tutorial-2016-03-25/example/rootdir", path = "/", fpath = "/media/sf_huji/courses/os/hw/ex4/resources/fuse-tutorial-2016-03-25/example/rootdir/"
    opendir returned 0x0x7f4b08000ba0
    fi:
    flags = 0x00018800
    fh_old = 0x00000000
    writepage = 0
    direct_io = 0
    keep_cache = 0
    fh = 0x00007f4b08000ba0
    lock_owner = 0x0000000000000000

bb_readdir(path="/", buf=0x08000990, filler=0x26162410, offset=0, fi=0x2598bc80)
    readdir returned 0x0x7f4b08000bd0
calling filler with name .
calling filler with name ..
calling filler with name bogus.txt
calling filler with name tester.txt
    fi:
    flags = 0x00000000
    fh_old = 0x7f4b08000ba0
    writepage = 0
    direct_io = 0
    keep_cache = 0
    fh = 0x00007f4b08000ba0
    lock_owner = 0x0000000000000000

bb_releasedir(path="/", fi=0x17ffec90)
    fi:
    flags = 0x00000000
    fh_old = 0x7f4b08000ba0
    writepage = 0
    direct_io = 0
    keep_cache = 0
    fh = 0x00007f4b08000ba0
    lock_owner = 0x0000000000000000

bb_opendir(path="/", fi=0x177fdc80)
    bb_fullpath:  rootdir = "/media/sf_huji/courses/os/hw/ex4/resources/fuse-tutorial-2016-03-25/example/rootdir", path = "/", fpath = "/media/sf_huji/courses/os/hw/ex4/resources/fuse-tutorial-2016-03-25/example/rootdir/"
    opendir returned 0x0x7f4b08000ba0
    fi:
    flags = 0x00018800
    fh_old = 0x00000000
    writepage = 0
    direct_io = 0
    keep_cache = 0
    fh = 0x00007f4b08000ba0
    lock_owner = 0x0000000000000000

bb_readdir(path="/", buf=0x08000a10, filler=0x26162410, offset=0, fi=0x2598bc80)
    readdir returned 0x0x7f4b08000bd0
calling filler with name .
calling filler with name ..
calling filler with name bogus.txt
calling filler with name tester.txt
    fi:
    flags = 0x00000000
    fh_old = 0x7f4b08000ba0
    writepage = 0
    direct_io = 0
    keep_cache = 0
    fh = 0x00007f4b08000ba0
    lock_owner = 0x0000000000000000

bb_releasedir(path="/", fi=0x17ffec90)
    fi:
    flags = 0x00000000
    fh_old = 0x7f4b08000ba0
    writepage = 0
    direct_io = 0
    keep_cache = 0
    fh = 0x00007f4b08000ba0
    lock_owner = 0x0000000000000000

bb_opendir(path="/", fi=0x177fdc80)
    bb_fullpath:  rootdir = "/media/sf_huji/courses/os/hw/ex4/resources/fuse-tutorial-2016-03-25/example/rootdir", path = "/", fpath = "/media/sf_huji/courses/os/hw/ex4/resources/fuse-tutorial-2016-03-25/example/rootdir/"
    opendir returned 0x0x7f4b08000ba0
    fi:
    flags = 0x00018800
    fh_old = 0x00000000
    writepage = 0
    direct_io = 0
    keep_cache = 0
    fh = 0x00007f4b08000ba0
    lock_owner = 0x0000000000000000

bb_readdir(path="/", buf=0x08000990, filler=0x26162410, offset=0, fi=0x2598bc80)
    readdir returned 0x0x7f4b08000bd0
calling filler with name .
calling filler with name ..
calling filler with name bogus.txt
calling filler with name tester.txt
    fi:
    flags = 0x00000000
    fh_old = 0x7f4b08000ba0
    writepage = 0
    direct_io = 0
    keep_cache = 0
    fh = 0x00007f4b08000ba0
    lock_owner = 0x0000000000000000

bb_releasedir(path="/", fi=0x17ffec90)
    fi:
    flags = 0x00000000
    fh_old = 0x7f4b08000ba0
    writepage = 0
    direct_io = 0
    keep_cache = 0
    fh = 0x00007f4b08000ba0
    lock_owner = 0x0000000000000000

bb_getattr(path="/media.repo", statbuf=0x177fdc90)
    bb_fullpath:  rootdir = "/media/sf_huji/courses/os/hw/ex4/resources/fuse-tutorial-2016-03-25/example/rootdir", path = "/media.repo", fpath = "/media/sf_huji/courses/os/hw/ex4/resources/fuse-tutorial-2016-03-25/example/rootdir/media.repo"

bb_opendir(path="/", fi=0x2598bc80)
    bb_fullpath:  rootdir = "/media/sf_huji/courses/os/hw/ex4/resources/fuse-tutorial-2016-03-25/example/rootdir", path = "/", fpath = "/media/sf_huji/courses/os/hw/ex4/resources/fuse-tutorial-2016-03-25/example/rootdir/"
    lstat returned -1
    ERROR lstat: No such file or directory
    si:
    st_dev = 0
    st_ino = 0
    st_mode = 00
    st_nlink = 0
    st_uid = 0
    st_gid = 0
    st_rdev = 0
    st_size = 0
    st_blksize = 0
    st_blocks = 0
    st_atime = 0x00000000
    st_mtime = 0x00000000
    st_ctime = 0x00000000
    opendir returned 0x0x7f4b20001120
    fi:
    flags = 0x00018800
    fh_old = 0x00000000
    writepage = 0
    direct_io = 0
    keep_cache = 0
    fh = 0x00007f4b20001120
    lock_owner = 0x0000000000000000

bb_getattr(path="/.discinfo", statbuf=0x24989c90)
    bb_fullpath:  rootdir = "/media/sf_huji/courses/os/hw/ex4/resources/fuse-tutorial-2016-03-25/example/rootdir", path = "/.discinfo", fpath = "/media/sf_huji/courses/os/hw/ex4/resources/fuse-tutorial-2016-03-25/example/rootdir/.discinfo"
    lstat returned -1
    ERROR lstat: No such file or directory
    si:
    st_dev = 0
    st_ino = 0
    st_mode = 00
    st_nlink = 0
    st_uid = 0
    st_gid = 0
    st_rdev = 0
    st_size = 0
    st_blksize = 0
    st_blocks = 0
    st_atime = 0x00000000
    st_mtime = 0x00000000
    st_ctime = 0x00000000

bb_readdir(path="/", buf=0x20000af0, filler=0x26162410, offset=0, fi=0x2518ac80)
    readdir returned 0x0x7f4b20001150
calling filler with name .
calling filler with name ..
calling filler with name bogus.txt
calling filler with name tester.txt
    fi:
    flags = 0x00000000
    fh_old = 0x7f4b20001120
    writepage = 0
    direct_io = 0
    keep_cache = 0
    fh = 0x00007f4b20001120
    lock_owner = 0x0000000000000000

bb_releasedir(path="/", fi=0x2598bc90)
    fi:
    flags = 0x00000000
    fh_old = 0x7f4b20001120
    writepage = 0
    direct_io = 0
    keep_cache = 0
    fh = 0x00007f4b20001120
    lock_owner = 0x0000000000000000

bb_getattr(path="/autorun.inf", statbuf=0x24989c90)
    bb_fullpath:  rootdir = "/media/sf_huji/courses/os/hw/ex4/resources/fuse-tutorial-2016-03-25/example/rootdir", path = "/autorun.inf", fpath = "/media/sf_huji/courses/os/hw/ex4/resources/fuse-tutorial-2016-03-25/example/rootdir/autorun.inf"
    lstat returned -1
    ERROR lstat: No such file or directory
    si:
    st_dev = 0
    st_ino = 0
    st_mode = 00
    st_nlink = 0
    st_uid = 0
    st_gid = 0
    st_rdev = 0
    st_size = 0
    st_blksize = 0
    st_blocks = 0
    st_atime = 0x00000000
    st_mtime = 0x00000000
    st_ctime = 0x00000000

bb_getattr(path="/", statbuf=0x2518ac60)
    bb_fullpath:  rootdir = "/media/sf_huji/courses/os/hw/ex4/resources/fuse-tutorial-2016-03-25/example/rootdir", path = "/", fpath = "/media/sf_huji/courses/os/hw/ex4/resources/fuse-tutorial-2016-03-25/example/rootdir/"
    lstat returned 0
    si:
    st_dev = 39
    st_ino = 690
    st_mode = 040770
    st_nlink = 1
    st_uid = 0
    st_gid = 999
    st_rdev = 0
    st_size = 0
    st_blksize = 4096
    st_blocks = 0
    st_atime = 0x573796d8
    st_mtime = 0x573796d8
    st_ctime = 0x573796d8

bb_opendir(path="/", fi=0x177fdc80)
    bb_fullpath:  rootdir = "/media/sf_huji/courses/os/hw/ex4/resources/fuse-tutorial-2016-03-25/example/rootdir", path = "/", fpath = "/media/sf_huji/courses/os/hw/ex4/resources/fuse-tutorial-2016-03-25/example/rootdir/"
    opendir returned 0x0x7f4b08000b20
    fi:
    flags = 0x00018800
    fh_old = 0x00000000
    writepage = 0
    direct_io = 0
    keep_cache = 0
    fh = 0x00007f4b08000b20
    lock_owner = 0x0000000000000000

bb_readdir(path="/", buf=0x08000990, filler=0x26162410, offset=0, fi=0x2598bc80)
    readdir returned 0x0x7f4b08000b50
calling filler with name .
calling filler with name ..
calling filler with name bogus.txt
calling filler with name tester.txt
    fi:
    flags = 0x00000000
    fh_old = 0x7f4b08000b20
    writepage = 0
    direct_io = 0
    keep_cache = 0
    fh = 0x00007f4b08000b20
    lock_owner = 0x0000000000000000

bb_getattr(path="/bogus.txt", statbuf=0x24989c90)
    bb_fullpath:  rootdir = "/media/sf_huji/courses/os/hw/ex4/resources/fuse-tutorial-2016-03-25/example/rootdir", path = "/bogus.txt", fpath = "/media/sf_huji/courses/os/hw/ex4/resources/fuse-tutorial-2016-03-25/example/rootdir/bogus.txt"
    lstat returned 0
    si:
    st_dev = 39
    st_ino = 691
    st_mode = 0100770
    st_nlink = 1
    st_uid = 0
    st_gid = 999
    st_rdev = 0
    st_size = 11
    st_blksize = 4096
    st_blocks = 1
    st_atime = 0x57379605
    st_mtime = 0x57379605
    st_ctime = 0x57379605

bb_getattr(path="/tester.txt", statbuf=0x2518ac90)
    bb_fullpath:  rootdir = "/media/sf_huji/courses/os/hw/ex4/resources/fuse-tutorial-2016-03-25/example/rootdir", path = "/tester.txt", fpath = "/media/sf_huji/courses/os/hw/ex4/resources/fuse-tutorial-2016-03-25/example/rootdir/tester.txt"
    lstat returned 0
    si:
    st_dev = 39
    st_ino = 698
    st_mode = 0100770
    st_nlink = 1
    st_uid = 0
    st_gid = 999
    st_rdev = 0
    st_size = 3
    st_blksize = 4096
    st_blocks = 1
    st_atime = 0x573796d5
    st_mtime = 0x573796ea
    st_ctime = 0x573796ea

bb_releasedir(path="/", fi=0x177fdc90)
    fi:
    flags = 0x00000000
    fh_old = 0x7f4b08000b20
    writepage = 0
    direct_io = 0
    keep_cache = 0
    fh = 0x00007f4b08000b20
    lock_owner = 0x0000000000000000

bb_getattr(path="/", statbuf=0x2598bc60)
    bb_fullpath:  rootdir = "/media/sf_huji/courses/os/hw/ex4/resources/fuse-tutorial-2016-03-25/example/rootdir", path = "/", fpath = "/media/sf_huji/courses/os/hw/ex4/resources/fuse-tutorial-2016-03-25/example/rootdir/"
    lstat returned 0
    si:
    st_dev = 39
    st_ino = 690
    st_mode = 040770
    st_nlink = 1
    st_uid = 0
    st_gid = 999
    st_rdev = 0
    st_size = 0
    st_blksize = 4096
    st_blocks = 0
    st_atime = 0x573796d8
    st_mtime = 0x573796d8
    st_ctime = 0x573796d8

bb_access(path="/", mask=01)
    bb_fullpath:  rootdir = "/media/sf_huji/courses/os/hw/ex4/resources/fuse-tutorial-2016-03-25/example/rootdir", path = "/", fpath = "/media/sf_huji/courses/os/hw/ex4/resources/fuse-tutorial-2016-03-25/example/rootdir/"

bb_opendir(path="/", fi=0x2518ac80)
    bb_fullpath:  rootdir = "/media/sf_huji/courses/os/hw/ex4/resources/fuse-tutorial-2016-03-25/example/rootdir", path = "/", fpath = "/media/sf_huji/courses/os/hw/ex4/resources/fuse-tutorial-2016-03-25/example/rootdir/"
    opendir returned 0x0x7f4b18000c80
    fi:
    flags = 0x00018800
    fh_old = 0x00000000
    writepage = 0
    direct_io = 0
    keep_cache = 0
    fh = 0x00007f4b18000c80
    lock_owner = 0x0000000000000000

bb_readdir(path="/", buf=0x18000af0, filler=0x26162410, offset=0, fi=0x17ffec80)
    readdir returned 0x0x7f4b18000cb0
calling filler with name .
calling filler with name ..
calling filler with name bogus.txt
calling filler with name tester.txt
    fi:
    flags = 0x00000000
    fh_old = 0x7f4b18000c80
    writepage = 0
    direct_io = 0
    keep_cache = 0
    fh = 0x00007f4b18000c80
    lock_owner = 0x0000000000000000

bb_getattr(path="/bogus.txt", statbuf=0x177fdc90)
    bb_fullpath:  rootdir = "/media/sf_huji/courses/os/hw/ex4/resources/fuse-tutorial-2016-03-25/example/rootdir", path = "/bogus.txt", fpath = "/media/sf_huji/courses/os/hw/ex4/resources/fuse-tutorial-2016-03-25/example/rootdir/bogus.txt"
    lstat returned 0
    si:
    st_dev = 39
    st_ino = 691
    st_mode = 0100770
    st_nlink = 1
    st_uid = 0
    st_gid = 999
    st_rdev = 0
    st_size = 11
    st_blksize = 4096
    st_blocks = 1
    st_atime = 0x57379605
    st_mtime = 0x57379605
    st_ctime = 0x57379605

bb_getattr(path="/tester.txt", statbuf=0x2598bc90)
    bb_fullpath:  rootdir = "/media/sf_huji/courses/os/hw/ex4/resources/fuse-tutorial-2016-03-25/example/rootdir", path = "/tester.txt", fpath = "/media/sf_huji/courses/os/hw/ex4/resources/fuse-tutorial-2016-03-25/example/rootdir/tester.txt"
    lstat returned 0
    si:
    st_dev = 39
    st_ino = 698
    st_mode = 0100770
    st_nlink = 1
    st_uid = 0
    st_gid = 999
    st_rdev = 0
    st_size = 3
    st_blksize = 4096
    st_blocks = 1
    st_atime = 0x573796d5
    st_mtime = 0x573796ea
    st_ctime = 0x573796ea

bb_releasedir(path="/", fi=0x2518ac90)
    fi:
    flags = 0x00000000
    fh_old = 0x7f4b18000c80
    writepage = 0
    direct_io = 0
    keep_cache = 0
    fh = 0x00007f4b18000c80
    lock_owner = 0x0000000000000000

bb_opendir(path="/", fi=0x17ffec80)
    bb_fullpath:  rootdir = "/media/sf_huji/courses/os/hw/ex4/resources/fuse-tutorial-2016-03-25/example/rootdir", path = "/", fpath = "/media/sf_huji/courses/os/hw/ex4/resources/fuse-tutorial-2016-03-25/example/rootdir/"
    opendir returned 0x0x7f4b10000c80
    fi:
    flags = 0x00018800
    fh_old = 0x00000000
    writepage = 0
    direct_io = 0
    keep_cache = 0
    fh = 0x00007f4b10000c80
    lock_owner = 0x0000000000000000

bb_readdir(path="/", buf=0x10000af0, filler=0x26162410, offset=0, fi=0x177fdc80)
    readdir returned 0x0x7f4b10000cb0
calling filler with name .
calling filler with name ..
calling filler with name bogus.txt
calling filler with name tester.txt
    fi:
    flags = 0x00000000
    fh_old = 0x7f4b10000c80
    writepage = 0
    direct_io = 0
    keep_cache = 0
    fh = 0x00007f4b10000c80
    lock_owner = 0x0000000000000000

bb_releasedir(path="/", fi=0x24989c90)
    fi:
    flags = 0x00000000
    fh_old = 0x7f4b10000c80
    writepage = 0
    direct_io = 0
    keep_cache = 0
    fh = 0x00007f4b10000c80
    lock_owner = 0x0000000000000000

bb_opendir(path="/", fi=0x2518ac80)
    bb_fullpath:  rootdir = "/media/sf_huji/courses/os/hw/ex4/resources/fuse-tutorial-2016-03-25/example/rootdir", path = "/", fpath = "/media/sf_huji/courses/os/hw/ex4/resources/fuse-tutorial-2016-03-25/example/rootdir/"
    opendir returned 0x0x7f4b18000c80
    fi:
    flags = 0x00018800
    fh_old = 0x00000000
    writepage = 0
    direct_io = 0
    keep_cache = 0
    fh = 0x00007f4b18000c80
    lock_owner = 0x0000000000000000

bb_readdir(path="/", buf=0x18000af0, filler=0x26162410, offset=0, fi=0x17ffec80)
    readdir returned 0x0x7f4b18000cb0
calling filler with name .
calling filler with name ..
calling filler with name bogus.txt
calling filler with name tester.txt
    fi:
    flags = 0x00000000
    fh_old = 0x7f4b18000c80
    writepage = 0
    direct_io = 0
    keep_cache = 0
    fh = 0x00007f4b18000c80
    lock_owner = 0x0000000000000000

bb_releasedir(path="/", fi=0x2598bc90)
    fi:
    flags = 0x00000000
    fh_old = 0x7f4b18000c80
    writepage = 0
    direct_io = 0
    keep_cache = 0
    fh = 0x00007f4b18000c80
    lock_owner = 0x0000000000000000

bb_opendir(path="/", fi=0x24989c80)
    bb_fullpath:  rootdir = "/media/sf_huji/courses/os/hw/ex4/resources/fuse-tutorial-2016-03-25/example/rootdir", path = "/", fpath = "/media/sf_huji/courses/os/hw/ex4/resources/fuse-tutorial-2016-03-25/example/rootdir/"
    opendir returned 0x0x7f4b1c000c80
    fi:
    flags = 0x00018800
    fh_old = 0x00000000
    writepage = 0
    direct_io = 0
    keep_cache = 0
    fh = 0x00007f4b1c000c80
    lock_owner = 0x0000000000000000

bb_readdir(path="/", buf=0x1c000af0, filler=0x26162410, offset=0, fi=0x2518ac80)
    readdir returned 0x0x7f4b1c000cb0
calling filler with name .
calling filler with name ..
calling filler with name bogus.txt
calling filler with name tester.txt
    fi:
    flags = 0x00000000
    fh_old = 0x7f4b1c000c80
    writepage = 0
    direct_io = 0
    keep_cache = 0
    fh = 0x00007f4b1c000c80
    lock_owner = 0x0000000000000000

bb_releasedir(path="/", fi=0x177fdc90)
    fi:
    flags = 0x00000000
    fh_old = 0x7f4b1c000c80
    writepage = 0
    direct_io = 0
    keep_cache = 0
    fh = 0x00007f4b1c000c80
    lock_owner = 0x0000000000000000

bb_getattr(path="/tester.txt", statbuf=0x2598bc90)
    bb_fullpath:  rootdir = "/media/sf_huji/courses/os/hw/ex4/resources/fuse-tutorial-2016-03-25/example/rootdir", path = "/tester.txt", fpath = "/media/sf_huji/courses/os/hw/ex4/resources/fuse-tutorial-2016-03-25/example/rootdir/tester.txt"
    lstat returned 0
    si:
    st_dev = 39
    st_ino = 698
    st_mode = 0100770
    st_nlink = 1
    st_uid = 0
    st_gid = 999
    st_rdev = 0
    st_size = 3
    st_blksize = 4096
    st_blocks = 1
    st_atime = 0x573796d5
    st_mtime = 0x573796ea
    st_ctime = 0x573796ea

bb_opendir(path="/", fi=0x24989c80)
    bb_fullpath:  rootdir = "/media/sf_huji/courses/os/hw/ex4/resources/fuse-tutorial-2016-03-25/example/rootdir", path = "/", fpath = "/media/sf_huji/courses/os/hw/ex4/resources/fuse-tutorial-2016-03-25/example/rootdir/"
    opendir returned 0x0x7f4b1c000c80
    fi:
    flags = 0x00018800
    fh_old = 0x00000000
    writepage = 0
    direct_io = 0
    keep_cache = 0
    fh = 0x00007f4b1c000c80
    lock_owner = 0x0000000000000000

bb_readdir(path="/", buf=0x1c000af0, filler=0x26162410, offset=0, fi=0x2518ac80)
    readdir returned 0x0x7f4b1c000cb0
calling filler with name .
calling filler with name ..
calling filler with name bogus.txt
calling filler with name tester.txt
    fi:
    flags = 0x00000000
    fh_old = 0x7f4b1c000c80
    writepage = 0
    direct_io = 0
    keep_cache = 0
    fh = 0x00007f4b1c000c80
    lock_owner = 0x0000000000000000

bb_releasedir(path="/", fi=0x177fdc90)
    fi:
    flags = 0x00000000
    fh_old = 0x7f4b1c000c80
    writepage = 0
    direct_io = 0
    keep_cache = 0
    fh = 0x00007f4b1c000c80
    lock_owner = 0x0000000000000000

bb_getattr(path="/", statbuf=0x2598bc60)
    bb_fullpath:  rootdir = "/media/sf_huji/courses/os/hw/ex4/resources/fuse-tutorial-2016-03-25/example/rootdir", path = "/", fpath = "/media/sf_huji/courses/os/hw/ex4/resources/fuse-tutorial-2016-03-25/example/rootdir/"
    lstat returned 0
    si:
    st_dev = 39
    st_ino = 690
    st_mode = 040770
    st_nlink = 1
    st_uid = 0
    st_gid = 999
    st_rdev = 0
    st_size = 0
    st_blksize = 4096
    st_blocks = 0
    st_atime = 0x573796d8
    st_mtime = 0x573796d8
    st_ctime = 0x573796d8

bb_open(path"/tester.txt", fi=0x24989d40)
    bb_fullpath:  rootdir = "/media/sf_huji/courses/os/hw/ex4/resources/fuse-tutorial-2016-03-25/example/rootdir", path = "/tester.txt", fpath = "/media/sf_huji/courses/os/hw/ex4/resources/fuse-tutorial-2016-03-25/example/rootdir/tester.txt"
    open returned 5
    fi:
    flags = 0x00008000
    fh_old = 0x00000000
    writepage = 0
    direct_io = 0
    keep_cache = 0
    fh = 0x0000000000000005
    lock_owner = 0x0000000000000000

bb_read(path="/tester.txt", buf=0x18000c50, size=4096, offset=0, fi=0x2518ad40)
    fi:
    flags = 0x00008000
    fh_old = 0x00000005
    writepage = 0
    direct_io = 0
    keep_cache = 0
    fh = 0x0000000000000005
    lock_owner = 0x0000000000000000
    pread returned 3

bb_fgetattr(path="/tester.txt", statbuf=0x17ffec60, fi=0x17ffed40)
    fi:
    flags = 0x00000000
    fh_old = 0x00000005
    writepage = 0
    direct_io = 0
    keep_cache = 0
    fh = 0x0000000000000005
    lock_owner = 0x0000000000000000
    si:
    st_dev = 39
    st_ino = 698
    st_mode = 0100770
    st_nlink = 1
    st_uid = 0
    st_gid = 999
    st_rdev = 0
    st_size = 3
    st_blksize = 4096
    st_blocks = 1
    st_atime = 0x573796d5
    st_mtime = 0x573796ea
    st_ctime = 0x573796ea

bb_flush(path="/tester.txt", fi=0x177fdd40)
    fi:
    flags = 0x00000000
    fh_old = 0x00000005
    writepage = 0
    direct_io = 0
    keep_cache = 0
    fh = 0x0000000000000005
    lock_owner = 0xe0bdb5665ba6a16d

bb_release(path="/tester.txt", fi=0x2598bd40)
    fi:
    flags = 0x00008000
    fh_old = 0x00000005
    writepage = 0
    direct_io = 0
    keep_cache = 0
    fh = 0x0000000000000005
    lock_owner = 0x0000000000000000
    close returned 0

bb_getattr(path="/echo", statbuf=0x24989c90)
    bb_fullpath:  rootdir = "/media/sf_huji/courses/os/hw/ex4/resources/fuse-tutorial-2016-03-25/example/rootdir", path = "/echo", fpath = "/media/sf_huji/courses/os/hw/ex4/resources/fuse-tutorial-2016-03-25/example/rootdir/echo"
    lstat returned -1
    ERROR lstat: No such file or directory
    si:
    st_dev = 0
    st_ino = 0
    st_mode = 00
    st_nlink = 0
    st_uid = 0
    st_gid = 0
    st_rdev = 0
    st_size = 0
    st_blksize = 0
    st_blocks = 0
    st_atime = 0x00000000
    st_mtime = 0x00000000
    st_ctime = 0x00000000

bb_getattr(path="/echo", statbuf=0x2518ac90)
    bb_fullpath:  rootdir = "/media/sf_huji/courses/os/hw/ex4/resources/fuse-tutorial-2016-03-25/example/rootdir", path = "/echo", fpath = "/media/sf_huji/courses/os/hw/ex4/resources/fuse-tutorial-2016-03-25/example/rootdir/echo"
    lstat returned -1
    ERROR lstat: No such file or directory
    si:
    st_dev = 0
    st_ino = 0
    st_mode = 00
    st_nlink = 0
    st_uid = 0
    st_gid = 0
    st_rdev = 0
    st_size = 0
    st_blksize = 0
    st_blocks = 0
    st_atime = 0x00000000
    st_mtime = 0x00000000
    st_ctime = 0x00000000

bb_getattr(path="/", statbuf=0x17ffec60)
    bb_fullpath:  rootdir = "/media/sf_huji/courses/os/hw/ex4/resources/fuse-tutorial-2016-03-25/example/rootdir", path = "/", fpath = "/media/sf_huji/courses/os/hw/ex4/resources/fuse-tutorial-2016-03-25/example/rootdir/"
    lstat returned 0
    si:
    st_dev = 39
    st_ino = 690
    st_mode = 040770
    st_nlink = 1
    st_uid = 0
    st_gid = 999
    st_rdev = 0
    st_size = 0
    st_blksize = 4096
    st_blocks = 0
    st_atime = 0x573796d8
    st_mtime = 0x573796d8
    st_ctime = 0x573796d8

bb_opendir(path="/", fi=0x177fdc80)
    bb_fullpath:  rootdir = "/media/sf_huji/courses/os/hw/ex4/resources/fuse-tutorial-2016-03-25/example/rootdir", path = "/", fpath = "/media/sf_huji/courses/os/hw/ex4/resources/fuse-tutorial-2016-03-25/example/rootdir/"
    opendir returned 0x0x7f4b08000b20
    fi:
    flags = 0x00018800
    fh_old = 0x00000000
    writepage = 0
    direct_io = 0
    keep_cache = 0
    fh = 0x00007f4b08000b20
    lock_owner = 0x0000000000000000

bb_readdir(path="/", buf=0x08000990, filler=0x26162410, offset=0, fi=0x177fdc80)
    readdir returned 0x0x7f4b08000b50
calling filler with name .
calling filler with name ..
calling filler with name bogus.txt
calling filler with name tester.txt
    fi:
    flags = 0x00000000
    fh_old = 0x7f4b08000b20
    writepage = 0
    direct_io = 0
    keep_cache = 0
    fh = 0x00007f4b08000b20
    lock_owner = 0x0000000000000000

bb_releasedir(path="/", fi=0x24989c90)
    fi:
    flags = 0x00000000
    fh_old = 0x7f4b08000b20
    writepage = 0
    direct_io = 0
    keep_cache = 0
    fh = 0x00007f4b08000b20
    lock_owner = 0x0000000000000000

bb_opendir(path="/", fi=0x177fdc80)
    bb_fullpath:  rootdir = "/media/sf_huji/courses/os/hw/ex4/resources/fuse-tutorial-2016-03-25/example/rootdir", path = "/", fpath = "/media/sf_huji/courses/os/hw/ex4/resources/fuse-tutorial-2016-03-25/example/rootdir/"
    opendir returned 0x0x7f4b08000a90
    fi:
    flags = 0x00018800
    fh_old = 0x00000000
    writepage = 0
    direct_io = 0
    keep_cache = 0
    fh = 0x00007f4b08000a90
    lock_owner = 0x0000000000000000

bb_readdir(path="/", buf=0x08000a10, filler=0x26162410, offset=0, fi=0x2598bc80)
    readdir returned 0x0x7f4b08000ac0
calling filler with name .
calling filler with name ..
calling filler with name bogus.txt
calling filler with name tester.txt
    fi:
    flags = 0x00000000
    fh_old = 0x7f4b08000a90
    writepage = 0
    direct_io = 0
    keep_cache = 0
    fh = 0x00007f4b08000a90
    lock_owner = 0x0000000000000000

bb_releasedir(path="/", fi=0x17ffec90)
    fi:
    flags = 0x00000000
    fh_old = 0x7f4b08000a90
    writepage = 0
    direct_io = 0
    keep_cache = 0
    fh = 0x00007f4b08000a90
    lock_owner = 0x0000000000000000

bb_opendir(path="/", fi=0x24989c80)
    bb_fullpath:  rootdir = "/media/sf_huji/courses/os/hw/ex4/resources/fuse-tutorial-2016-03-25/example/rootdir", path = "/", fpath = "/media/sf_huji/courses/os/hw/ex4/resources/fuse-tutorial-2016-03-25/example/rootdir/"
    opendir returned 0x0x7f4b1c000c80
    fi:
    flags = 0x00018800
    fh_old = 0x00000000
    writepage = 0
    direct_io = 0
    keep_cache = 0
    fh = 0x00007f4b1c000c80
    lock_owner = 0x0000000000000000

bb_readdir(path="/", buf=0x1c000af0, filler=0x26162410, offset=0, fi=0x177fdc80)
    readdir returned 0x0x7f4b1c000cb0
calling filler with name .
calling filler with name ..
calling filler with name bogus.txt
calling filler with name tester.txt
    fi:
    flags = 0x00000000
    fh_old = 0x7f4b1c000c80
    writepage = 0
    direct_io = 0
    keep_cache = 0
    fh = 0x00007f4b1c000c80
    lock_owner = 0x0000000000000000

bb_releasedir(path="/", fi=0x2518ac90)
    fi:
    flags = 0x00000000
    fh_old = 0x7f4b1c000c80
    writepage = 0
    direct_io = 0
    keep_cache = 0
    fh = 0x00007f4b1c000c80
    lock_owner = 0x0000000000000000

bb_opendir(path="/", fi=0x17ffec80)
    bb_fullpath:  rootdir = "/media/sf_huji/courses/os/hw/ex4/resources/fuse-tutorial-2016-03-25/example/rootdir", path = "/", fpath = "/media/sf_huji/courses/os/hw/ex4/resources/fuse-tutorial-2016-03-25/example/rootdir/"
    opendir returned 0x0x7f4b10000c80
    fi:
    flags = 0x00018800
    fh_old = 0x00000000
    writepage = 0
    direct_io = 0
    keep_cache = 0
    fh = 0x00007f4b10000c80
    lock_owner = 0x0000000000000000

bb_readdir(path="/", buf=0x10000af0, filler=0x26162410, offset=0, fi=0x24989c80)
    readdir returned 0x0x7f4b10000cb0
calling filler with name .
calling filler with name ..
calling filler with name bogus.txt
calling filler with name tester.txt
    fi:
    flags = 0x00000000
    fh_old = 0x7f4b10000c80
    writepage = 0
    direct_io = 0
    keep_cache = 0
    fh = 0x00007f4b10000c80
    lock_owner = 0x0000000000000000

bb_releasedir(path="/", fi=0x2598bc90)
    fi:
    flags = 0x00000000
    fh_old = 0x7f4b10000c80
    writepage = 0
    direct_io = 0
    keep_cache = 0
    fh = 0x00007f4b10000c80
    lock_owner = 0x0000000000000000

bb_opendir(path="/", fi=0x2518ac80)
    bb_fullpath:  rootdir = "/media/sf_huji/courses/os/hw/ex4/resources/fuse-tutorial-2016-03-25/example/rootdir", path = "/", fpath = "/media/sf_huji/courses/os/hw/ex4/resources/fuse-tutorial-2016-03-25/example/rootdir/"
    opendir returned 0x0x7f4b18000d60
    fi:
    flags = 0x00018800
    fh_old = 0x00000000
    writepage = 0
    direct_io = 0
    keep_cache = 0
    fh = 0x00007f4b18000d60
    lock_owner = 0x0000000000000000

bb_readdir(path="/", buf=0x18000af0, filler=0x26162410, offset=0, fi=0x17ffec80)
    readdir returned 0x0x7f4b18000d90
calling filler with name .
calling filler with name ..
calling filler with name bogus.txt
calling filler with name tester.txt
    fi:
    flags = 0x00000000
    fh_old = 0x7f4b18000d60
    writepage = 0
    direct_io = 0
    keep_cache = 0
    fh = 0x00007f4b18000d60
    lock_owner = 0x0000000000000000

bb_releasedir(path="/", fi=0x2598bc90)
    fi:
    flags = 0x00000000
    fh_old = 0x7f4b18000d60
    writepage = 0
    direct_io = 0
    keep_cache = 0
    fh = 0x00007f4b18000d60
    lock_owner = 0x0000000000000000

bb_getattr(path="/tester.txt", statbuf=0x177fdc90)
    bb_fullpath:  rootdir = "/media/sf_huji/courses/os/hw/ex4/resources/fuse-tutorial-2016-03-25/example/rootdir", path = "/tester.txt", fpath = "/media/sf_huji/courses/os/hw/ex4/resources/fuse-tutorial-2016-03-25/example/rootdir/tester.txt"
    lstat returned 0
    si:
    st_dev = 39
    st_ino = 698
    st_mode = 0100770
    st_nlink = 1
    st_uid = 0
    st_gid = 999
    st_rdev = 0
    st_size = 3
    st_blksize = 4096
    st_blocks = 1
    st_atime = 0x573796d5
    st_mtime = 0x573796ea
    st_ctime = 0x573796ea

bb_opendir(path="/", fi=0x2518ac80)
    bb_fullpath:  rootdir = "/media/sf_huji/courses/os/hw/ex4/resources/fuse-tutorial-2016-03-25/example/rootdir", path = "/", fpath = "/media/sf_huji/courses/os/hw/ex4/resources/fuse-tutorial-2016-03-25/example/rootdir/"
    opendir returned 0x0x7f4b18000c80
    fi:
    flags = 0x00018800
    fh_old = 0x00000000
    writepage = 0
    direct_io = 0
    keep_cache = 0
    fh = 0x00007f4b18000c80
    lock_owner = 0x0000000000000000

bb_readdir(path="/", buf=0x18000af0, filler=0x26162410, offset=0, fi=0x17ffec80)
    readdir returned 0x0x7f4b18000cb0
calling filler with name .
calling filler with name ..
calling filler with name bogus.txt
calling filler with name tester.txt
    fi:
    flags = 0x00000000
    fh_old = 0x7f4b18000c80
    writepage = 0
    direct_io = 0
    keep_cache = 0
    fh = 0x00007f4b18000c80
    lock_owner = 0x0000000000000000

bb_releasedir(path="/", fi=0x2598bc90)
    fi:
    flags = 0x00000000
    fh_old = 0x7f4b18000c80
    writepage = 0
    direct_io = 0
    keep_cache = 0
    fh = 0x00007f4b18000c80
    lock_owner = 0x0000000000000000

bb_getattr(path="/", statbuf=0x177fdc60)
    bb_fullpath:  rootdir = "/media/sf_huji/courses/os/hw/ex4/resources/fuse-tutorial-2016-03-25/example/rootdir", path = "/", fpath = "/media/sf_huji/courses/os/hw/ex4/resources/fuse-tutorial-2016-03-25/example/rootdir/"
    lstat returned 0
    si:
    st_dev = 39
    st_ino = 690
    st_mode = 040770
    st_nlink = 1
    st_uid = 0
    st_gid = 999
    st_rdev = 0
    st_size = 0
    st_blksize = 4096
    st_blocks = 0
    st_atime = 0x573796d8
    st_mtime = 0x573796d8
    st_ctime = 0x573796d8

bb_open(path"/tester.txt", fi=0x2518ad40)
    bb_fullpath:  rootdir = "/media/sf_huji/courses/os/hw/ex4/resources/fuse-tutorial-2016-03-25/example/rootdir", path = "/tester.txt", fpath = "/media/sf_huji/courses/os/hw/ex4/resources/fuse-tutorial-2016-03-25/example/rootdir/tester.txt"
    open returned 5
    fi:
    flags = 0x00008401
    fh_old = 0x00000000
    writepage = 0
    direct_io = 0
    keep_cache = 0
    fh = 0x0000000000000005
    lock_owner = 0x0000000000000000

bb_flush(path="/tester.txt", fi=0x17ffed40)
    fi:
    flags = 0x00000000
    fh_old = 0x00000005
    writepage = 0
    direct_io = 0
    keep_cache = 0
    fh = 0x0000000000000005
    lock_owner = 0x63055d283b524586

bb_write(path="/tester.txt", buf=0x26533060, size=9, offset=3, fi=0x24989db0)
    fi:
    flags = 0x00008401
    fh_old = 0x00000005
    writepage = 0
    direct_io = 0
    keep_cache = 0
    fh = 0x0000000000000005
    lock_owner = 0x0000000000000000
    pwrite returned 9

bb_flush(path="/tester.txt", fi=0x2598bd40)
    fi:
    flags = 0x00000000
    fh_old = 0x00000005
    writepage = 0
    direct_io = 0
    keep_cache = 0
    fh = 0x0000000000000005
    lock_owner = 0x63055d283b524586

bb_release(path="/tester.txt", fi=0x177fdd40)
    fi:
    flags = 0x00008401
    fh_old = 0x00000005
    writepage = 0
    direct_io = 0
    keep_cache = 0
    fh = 0x0000000000000005
    lock_owner = 0xec6a833059b9817b
    close returned 0

bb_opendir(path="/", fi=0x2518ac80)
    bb_fullpath:  rootdir = "/media/sf_huji/courses/os/hw/ex4/resources/fuse-tutorial-2016-03-25/example/rootdir", path = "/", fpath = "/media/sf_huji/courses/os/hw/ex4/resources/fuse-tutorial-2016-03-25/example/rootdir/"
    opendir returned 0x0x7f4b18000c80
    fi:
    flags = 0x00018800
    fh_old = 0x00000000
    writepage = 0
    direct_io = 0
    keep_cache = 0
    fh = 0x00007f4b18000c80
    lock_owner = 0x0000000000000000

bb_readdir(path="/", buf=0x18000af0, filler=0x26162410, offset=0, fi=0x17ffec80)
    readdir returned 0x0x7f4b18000cb0
calling filler with name .
calling filler with name ..
calling filler with name bogus.txt
calling filler with name tester.txt
    fi:
    flags = 0x00000000
    fh_old = 0x7f4b18000c80
    writepage = 0
    direct_io = 0
    keep_cache = 0
    fh = 0x00007f4b18000c80
    lock_owner = 0x0000000000000000

bb_releasedir(path="/", fi=0x2598bc90)
    fi:
    flags = 0x00000000
    fh_old = 0x7f4b18000c80
    writepage = 0
    direct_io = 0
    keep_cache = 0
    fh = 0x00007f4b18000c80
    lock_owner = 0x0000000000000000

bb_opendir(path="/", fi=0x177fdc80)
    bb_fullpath:  rootdir = "/media/sf_huji/courses/os/hw/ex4/resources/fuse-tutorial-2016-03-25/example/rootdir", path = "/", fpath = "/media/sf_huji/courses/os/hw/ex4/resources/fuse-tutorial-2016-03-25/example/rootdir/"
    opendir returned 0x0x7f4b08000b20
    fi:
    flags = 0x00018800
    fh_old = 0x00000000
    writepage = 0
    direct_io = 0
    keep_cache = 0
    fh = 0x00007f4b08000b20
    lock_owner = 0x0000000000000000

bb_readdir(path="/", buf=0x08000990, filler=0x26162410, offset=0, fi=0x2518ac80)
    readdir returned 0x0x7f4b08000b50
calling filler with name .
calling filler with name ..
calling filler with name bogus.txt
calling filler with name tester.txt
    fi:
    flags = 0x00000000
    fh_old = 0x7f4b08000b20
    writepage = 0
    direct_io = 0
    keep_cache = 0
    fh = 0x00007f4b08000b20
    lock_owner = 0x0000000000000000

bb_releasedir(path="/", fi=0x24989c90)
    fi:
    flags = 0x00000000
    fh_old = 0x7f4b08000b20
    writepage = 0
    direct_io = 0
    keep_cache = 0
    fh = 0x00007f4b08000b20
    lock_owner = 0x0000000000000000

bb_opendir(path="/", fi=0x2598bc80)
    bb_fullpath:  rootdir = "/media/sf_huji/courses/os/hw/ex4/resources/fuse-tutorial-2016-03-25/example/rootdir", path = "/", fpath = "/media/sf_huji/courses/os/hw/ex4/resources/fuse-tutorial-2016-03-25/example/rootdir/"
    opendir returned 0x0x7f4b20000c80
    fi:
    flags = 0x00018800
    fh_old = 0x00000000
    writepage = 0
    direct_io = 0
    keep_cache = 0
    fh = 0x00007f4b20000c80
    lock_owner = 0x0000000000000000

bb_readdir(path="/", buf=0x20000af0, filler=0x26162410, offset=0, fi=0x177fdc80)
    readdir returned 0x0x7f4b20000cb0
calling filler with name .
calling filler with name ..
calling filler with name bogus.txt
calling filler with name tester.txt
    fi:
    flags = 0x00000000
    fh_old = 0x7f4b20000c80
    writepage = 0
    direct_io = 0
    keep_cache = 0
    fh = 0x00007f4b20000c80
    lock_owner = 0x0000000000000000

bb_releasedir(path="/", fi=0x2518ac90)
    fi:
    flags = 0x00000000
    fh_old = 0x7f4b20000c80
    writepage = 0
    direct_io = 0
    keep_cache = 0
    fh = 0x00007f4b20000c80
    lock_owner = 0x0000000000000000

bb_getattr(path="/tester.txt", statbuf=0x24989c90)
    bb_fullpath:  rootdir = "/media/sf_huji/courses/os/hw/ex4/resources/fuse-tutorial-2016-03-25/example/rootdir", path = "/tester.txt", fpath = "/media/sf_huji/courses/os/hw/ex4/resources/fuse-tutorial-2016-03-25/example/rootdir/tester.txt"
    lstat returned 0
    si:
    st_dev = 39
    st_ino = 698
    st_mode = 0100770
    st_nlink = 1
    st_uid = 0
    st_gid = 999
    st_rdev = 0
    st_size = 12
    st_blksize = 4096
    st_blocks = 1
    st_atime = 0x573796d5
    st_mtime = 0x573797d0
    st_ctime = 0x573797d0

bb_opendir(path="/", fi=0x2598bc80)
    bb_fullpath:  rootdir = "/media/sf_huji/courses/os/hw/ex4/resources/fuse-tutorial-2016-03-25/example/rootdir", path = "/", fpath = "/media/sf_huji/courses/os/hw/ex4/resources/fuse-tutorial-2016-03-25/example/rootdir/"
    opendir returned 0x0x7f4b20000c80
    fi:
    flags = 0x00018800
    fh_old = 0x00000000
    writepage = 0
    direct_io = 0
    keep_cache = 0
    fh = 0x00007f4b20000c80
    lock_owner = 0x0000000000000000

bb_readdir(path="/", buf=0x20000af0, filler=0x26162410, offset=0, fi=0x177fdc80)
    readdir returned 0x0x7f4b20000cb0
calling filler with name .
calling filler with name ..
calling filler with name bogus.txt
calling filler with name tester.txt
    fi:
    flags = 0x00000000
    fh_old = 0x7f4b20000c80
    writepage = 0
    direct_io = 0
    keep_cache = 0
    fh = 0x00007f4b20000c80
    lock_owner = 0x0000000000000000

bb_releasedir(path="/", fi=0x2518ac90)
    fi:
    flags = 0x00000000
    fh_old = 0x7f4b20000c80
    writepage = 0
    direct_io = 0
    keep_cache = 0
    fh = 0x00007f4b20000c80
    lock_owner = 0x0000000000000000

bb_getattr(path="/", statbuf=0x24989c60)
    bb_fullpath:  rootdir = "/media/sf_huji/courses/os/hw/ex4/resources/fuse-tutorial-2016-03-25/example/rootdir", path = "/", fpath = "/media/sf_huji/courses/os/hw/ex4/resources/fuse-tutorial-2016-03-25/example/rootdir/"
    lstat returned 0
    si:
    st_dev = 39
    st_ino = 690
    st_mode = 040770
    st_nlink = 1
    st_uid = 0
    st_gid = 999
    st_rdev = 0
    st_size = 0
    st_blksize = 4096
    st_blocks = 0
    st_atime = 0x573796d8
    st_mtime = 0x573796d8
    st_ctime = 0x573796d8

bb_open(path"/tester.txt", fi=0x2598bd40)
    bb_fullpath:  rootdir = "/media/sf_huji/courses/os/hw/ex4/resources/fuse-tutorial-2016-03-25/example/rootdir", path = "/tester.txt", fpath = "/media/sf_huji/courses/os/hw/ex4/resources/fuse-tutorial-2016-03-25/example/rootdir/tester.txt"
    open returned 5
    fi:
    flags = 0x00008000
    fh_old = 0x00000000
    writepage = 0
    direct_io = 0
    keep_cache = 0
    fh = 0x0000000000000005
    lock_owner = 0x0000000000000000

bb_read(path="/tester.txt", buf=0x08000af0, size=4096, offset=0, fi=0x177fdd40)
    fi:
    flags = 0x00008000
    fh_old = 0x00000005
    writepage = 0
    direct_io = 0
    keep_cache = 0
    fh = 0x0000000000000005
    lock_owner = 0x0000000000000000
    pread returned 12

bb_fgetattr(path="/tester.txt", statbuf=0x17ffec60, fi=0x17ffed40)
    fi:
    flags = 0x00000000
    fh_old = 0x00000005
    writepage = 0
    direct_io = 0
    keep_cache = 0
    fh = 0x0000000000000005
    lock_owner = 0x0000000000000000
    si:
    st_dev = 39
    st_ino = 698
    st_mode = 0100770
    st_nlink = 1
    st_uid = 0
    st_gid = 999
    st_rdev = 0
    st_size = 12
    st_blksize = 4096
    st_blocks = 1
    st_atime = 0x573796d5
    st_mtime = 0x573797d0
    st_ctime = 0x573797d0

bb_flush(path="/tester.txt", fi=0x2518ad40)
    fi:
    flags = 0x00000000
    fh_old = 0x00000005
    writepage = 0
    direct_io = 0
    keep_cache = 0
    fh = 0x0000000000000005
    lock_owner = 0x94f936af3b7cd654

bb_release(path="/tester.txt", fi=0x24989d40)
    fi:
    flags = 0x00008000
    fh_old = 0x00000005
    writepage = 0
    direct_io = 0
    keep_cache = 0
    fh = 0x0000000000000005
    lock_owner = 0x0000000000000000
    close returned 0

bb_getattr(path="/", statbuf=0x2598bc60)
    bb_fullpath:  rootdir = "/media/sf_huji/courses/os/hw/ex4/resources/fuse-tutorial-2016-03-25/example/rootdir", path = "/", fpath = "/media/sf_huji/courses/os/hw/ex4/resources/fuse-tutorial-2016-03-25/example/rootdir/"
    lstat returned 0
    si:
    st_dev = 39
    st_ino = 690
    st_mode = 040770
    st_nlink = 1
    st_uid = 0
    st_gid = 999
    st_rdev = 0
    st_size = 0
    st_blksize = 4096
    st_blocks = 0
    st_atime = 0x573796d8
    st_mtime = 0x573796d8
    st_ctime = 0x573796d8

bb_destroy(userdata=0x01cde010)
